<?xml version="1.0" encoding="UTF-8"?>
<testng-results ignored="0" total="1" passed="1" failed="0" skipped="0">
  <reporter-output>
  </reporter-output>
  <suite started-at="2022-01-30T15:15:44 CST" name="Default suite" finished-at="2022-01-30T15:15:48 CST" duration-ms="4811">
    <groups>
    </groups>
    <test started-at="2022-01-30T15:15:44 CST" name="Default test" finished-at="2022-01-30T15:15:48 CST" duration-ms="4811">
      <class name="test.TesNGTest1">
        <test-method signature="validUserShouldBeAbleToLogin()[pri:0, instance:test.TesNGTest1@1649b0e6]" started-at="2022-01-30T15:15:44 CST" name="validUserShouldBeAbleToLogin" finished-at="2022-01-30T15:15:48 CST" duration-ms="4781" status="PASS">
          <reporter-output>
          </reporter-output>
        </test-method> <!-- validUserShouldBeAbleToLogin -->
      </class> <!-- test.TesNGTest1 -->
    </test> <!-- Default test -->
  </suite> <!-- Default suite -->
</testng-results>
